<?xml version="1.0" encoding="UTF-8"?>
<!-- Generated by org.testng.reporters.JUnitReportReporter -->
<testsuite skipped="0" hostname="LAPTOP-DL1C7Q1N" name="TestNGScripts.Test1" tests="1" failures="0" timestamp="2020-11-06T08:59:03 IST" time="0.023" errors="0">
  <testcase name="add" time="0.023" classname="TestNGScripts.Test1"/>
  <system-out/>
</testsuite> <!-- TestNGScripts.Test1 -->
