<?xml version="1.0" encoding="UTF-8"?>
<!-- Generated by org.testng.reporters.JUnitReportReporter -->
<testsuite skipped="0" hostname="LAPTOP-DL1C7Q1N" name="TestNGScripts.Test1" tests="3" failures="0" timestamp="2020-11-06T09:12:21 IST" time="0.007" errors="0">
  <testcase name="add" time="0.006" classname="TestNGScripts.Test1"/>
  <system-out/>
  <testcase name="sub" time="0.000" classname="TestNGScripts.Test1"/>
  <system-out/>
  <testcase name="multiply" time="0.001" classname="TestNGScripts.Test1"/>
  <system-out/>
</testsuite> <!-- TestNGScripts.Test1 -->
