<?xml version="1.0" encoding="UTF-8"?>
<!-- Generated by org.testng.reporters.JUnitReportReporter -->
<testsuite skipped="0" hostname="LAPTOP-DL1C7Q1N" name="TestNGScripts.Test2" tests="2" failures="0" timestamp="2020-11-06T09:12:21 IST" time="0.000" errors="0">
  <testcase name="StrMethod" time="0.000" classname="TestNGScripts.Test2"/>
  <system-out/>
  <testcase name="divide" time="0.000" classname="TestNGScripts.Test2"/>
  <system-out/>
</testsuite> <!-- TestNGScripts.Test2 -->
